<?xml version="1.0" encoding="UTF-8"?>
<testsuite xmlns:xsi="http://www.w3.org/2001/XMLSchema-instance" xsi:noNamespaceSchemaLocation="https://maven.apache.org/surefire/maven-surefire-plugin/xsd/surefire-test-report.xsd" name="TestSuite" time="0.345" tests="7" errors="0" skipped="0" failures="0">
  <properties>
    <property name="java.specification.version" value="17"/>
    <property name="sun.jnu.encoding" value="UTF-8"/>
    <property name="java.class.path" value="/home/malgorzata_lasota/IdeaProjects/conwaysgameoflife/target/test-classes:/home/malgorzata_lasota/IdeaProjects/conwaysgameoflife/target/classes:/home/malgorzata_lasota/.m2/repository/org/testng/testng/7.5/testng-7.5.jar:/home/malgorzata_lasota/.m2/repository/com/google/code/findbugs/jsr305/3.0.1/jsr305-3.0.1.jar:/home/malgorzata_lasota/.m2/repository/org/slf4j/slf4j-api/1.7.32/slf4j-api-1.7.32.jar:/home/malgorzata_lasota/.m2/repository/com/beust/jcommander/1.78/jcommander-1.78.jar:/home/malgorzata_lasota/.m2/repository/org/webjars/jquery/3.5.1/jquery-3.5.1.jar:"/>
    <property name="java.vm.vendor" value="Private Build"/>
    <property name="sun.arch.data.model" value="64"/>
    <property name="java.vendor.url" value="Unknown"/>
    <property name="os.name" value="Linux"/>
    <property name="java.vm.specification.version" value="17"/>
    <property name="sun.java.launcher" value="SUN_STANDARD"/>
    <property name="user.country" value="US"/>
    <property name="sun.boot.library.path" value="/usr/lib/jvm/java-17-openjdk-amd64/lib"/>
    <property name="sun.java.command" value="/home/malgorzata_lasota/IdeaProjects/conwaysgameoflife/target/surefire/surefirebooter1264703219607370056.jar /home/malgorzata_lasota/IdeaProjects/conwaysgameoflife/target/surefire 2022-03-30T08-36-02_034-jvmRun1 surefire16418064839723692755tmp surefire_013567619023349292073tmp"/>
    <property name="jdk.debug" value="release"/>
    <property name="surefire.test.class.path" value="/home/malgorzata_lasota/IdeaProjects/conwaysgameoflife/target/test-classes:/home/malgorzata_lasota/IdeaProjects/conwaysgameoflife/target/classes:/home/malgorzata_lasota/.m2/repository/org/testng/testng/7.5/testng-7.5.jar:/home/malgorzata_lasota/.m2/repository/com/google/code/findbugs/jsr305/3.0.1/jsr305-3.0.1.jar:/home/malgorzata_lasota/.m2/repository/org/slf4j/slf4j-api/1.7.32/slf4j-api-1.7.32.jar:/home/malgorzata_lasota/.m2/repository/com/beust/jcommander/1.78/jcommander-1.78.jar:/home/malgorzata_lasota/.m2/repository/org/webjars/jquery/3.5.1/jquery-3.5.1.jar:"/>
    <property name="sun.cpu.endian" value="little"/>
    <property name="user.home" value="/home/malgorzata_lasota"/>
    <property name="user.language" value="en"/>
    <property name="java.specification.vendor" value="Oracle Corporation"/>
    <property name="java.version.date" value="2022-01-18"/>
    <property name="java.home" value="/usr/lib/jvm/java-17-openjdk-amd64"/>
    <property name="file.separator" value="/"/>
    <property name="basedir" value="/home/malgorzata_lasota/IdeaProjects/conwaysgameoflife"/>
    <property name="java.vm.compressedOopsMode" value="Zero based"/>
    <property name="line.separator" value="&#10;"/>
    <property name="java.vm.specification.vendor" value="Oracle Corporation"/>
    <property name="java.specification.name" value="Java Platform API Specification"/>
    <property name="surefire.real.class.path" value="/home/malgorzata_lasota/IdeaProjects/conwaysgameoflife/target/surefire/surefirebooter1264703219607370056.jar"/>
    <property name="sun.management.compiler" value="HotSpot 64-Bit Tiered Compilers"/>
    <property name="java.runtime.version" value="17.0.2+8-Ubuntu-122.10"/>
    <property name="user.name" value="malgorzata_lasota"/>
    <property name="path.separator" value=":"/>
    <property name="os.version" value="5.13.0-37-generic"/>
    <property name="java.runtime.name" value="OpenJDK Runtime Environment"/>
    <property name="file.encoding" value="UTF-8"/>
    <property name="java.vm.name" value="OpenJDK 64-Bit Server VM"/>
    <property name="localRepository" value="/home/malgorzata_lasota/.m2/repository"/>
    <property name="java.vendor.url.bug" value="Unknown"/>
    <property name="java.io.tmpdir" value="/tmp"/>
    <property name="java.version" value="17.0.2"/>
    <property name="user.dir" value="/home/malgorzata_lasota/IdeaProjects/conwaysgameoflife"/>
    <property name="os.arch" value="amd64"/>
    <property name="java.vm.specification.name" value="Java Virtual Machine Specification"/>
    <property name="native.encoding" value="UTF-8"/>
    <property name="java.library.path" value="/usr/java/packages/lib:/usr/lib/x86_64-linux-gnu/jni:/lib/x86_64-linux-gnu:/usr/lib/x86_64-linux-gnu:/usr/lib/jni:/lib:/usr/lib"/>
    <property name="java.vm.info" value="mixed mode, sharing"/>
    <property name="java.vendor" value="Private Build"/>
    <property name="java.vm.version" value="17.0.2+8-Ubuntu-122.10"/>
    <property name="sun.io.unicode.encoding" value="UnicodeLittle"/>
    <property name="java.class.version" value="61.0"/>
  </properties>
  <testcase name="testCountAliveNeighbors" classname="com.epam.gameoflife.MatrixTest" time="0.001"/>
  <testcase name="testFillTheGrid" classname="com.epam.gameoflife.MatrixTest" time="0"/>
  <testcase name="testGetTheMidpoint" classname="com.epam.gameoflife.MatrixTest" time="0"/>
  <testcase name="testInjectTheSeed" classname="com.epam.gameoflife.MatrixTest" time="0"/>
  <testcase name="testRedefineTheSizeOfTheMatrix" classname="com.epam.gameoflife.MatrixTest" time="0"/>
  <testcase name="testGameWorldCreation" classname="com.epam.gameoflife.GameTest" time="0.001"/>
  <testcase name="testNumberToShape" classname="com.epam.gameoflife.ShapesTest" time="0"/>
</testsuite>