<?xml version="1.0" encoding="UTF-8"?>
<!-- Generated by org.testng.reporters.JUnitReportReporter -->
<testsuite hostname="EPPLGDAW0706" failures="0" tests="1" name="com.epam.gameoflife.GameTest" time="0.001" errors="0" timestamp="2022-03-30T08:36:02 CEST" skipped="0">
  <testcase classname="com.epam.gameoflife.GameTest" name="testGameWorldCreation" time="0.001"/>
  <system-out/>
</testsuite> <!-- com.epam.gameoflife.GameTest -->
