<?xml version="1.0" encoding="UTF-8"?>
<!-- Generated by org.testng.reporters.JUnitReportReporter -->
<testsuite hostname="EPPLGDAW0706" failures="0" tests="2" name="com.epam.gameoflife.ShapesTest" time="0.000" errors="0" timestamp="2022-03-30T08:36:02 CEST" skipped="1">
  <testcase classname="com.epam.gameoflife.ShapesTest" name="testNumberToShape" time="0.000"/>
  <system-out/>
  <testcase classname="com.epam.gameoflife.ShapesTest" name="shouldBeAbleToGetShapeStringFromEnum">
    <skipped/>
  </testcase> <!-- shouldBeAbleToGetShapeStringFromEnum -->
  <system-out/>
</testsuite> <!-- com.epam.gameoflife.ShapesTest -->
