<?xml version="1.0" encoding="UTF-8"?>
<!-- Generated by org.testng.reporters.JUnitReportReporter -->
<testsuite hostname="EPPLGDAW0706" failures="0" tests="5" name="com.epam.gameoflife.MatrixTest" time="0.016" errors="0" timestamp="2022-03-30T08:36:02 CEST" skipped="0">
  <testcase classname="com.epam.gameoflife.MatrixTest" name="testFillTheGrid" time="0.001"/>
  <system-out/>
  <testcase classname="com.epam.gameoflife.MatrixTest" name="testInjectTheSeed" time="0.001"/>
  <system-out/>
  <testcase classname="com.epam.gameoflife.MatrixTest" name="testGetTheMidpoint" time="0.009"/>
  <system-out/>
  <testcase classname="com.epam.gameoflife.MatrixTest" name="testRedefineTheSizeOfTheMatrix" time="0.003"/>
  <system-out/>
  <testcase classname="com.epam.gameoflife.MatrixTest" name="testCountAliveNeighbors" time="0.002"/>
  <system-out/>
</testsuite> <!-- com.epam.gameoflife.MatrixTest -->
